c:\users\amatore\documents\visual studio 2013\projects\consoleapplication4\consoleapplication4\release\vc120.pdb
c:\users\amatore\documents\visual studio 2013\projects\consoleapplication4\consoleapplication4\release\stdafx.obj
c:\users\amatore\documents\visual studio 2013\projects\consoleapplication4\consoleapplication4\release\ctexture.obj
c:\users\amatore\documents\visual studio 2013\projects\consoleapplication4\consoleapplication4\release\csprite.obj
c:\users\amatore\documents\visual studio 2013\projects\consoleapplication4\consoleapplication4\release\cscene.obj
c:\users\amatore\documents\visual studio 2013\projects\consoleapplication4\consoleapplication4\release\cplayer.obj
c:\users\amatore\documents\visual studio 2013\projects\consoleapplication4\consoleapplication4\release\consoleapplication4.obj
c:\users\amatore\documents\visual studio 2013\projects\consoleapplication4\consoleapplication4\release\citem.obj
c:\users\amatore\documents\visual studio 2013\projects\consoleapplication4\consoleapplication4\release\cgame.obj
c:\users\amatore\documents\visual studio 2013\projects\consoleapplication4\consoleapplication4\release\cenemy.obj
c:\users\amatore\documents\visual studio 2013\projects\consoleapplication4\consoleapplication4\release\cdisparo.obj
c:\users\amatore\documents\visual studio 2013\projects\consoleapplication4\consoleapplication4\release\cdata.obj
c:\users\amatore\documents\visual studio 2013\projects\consoleapplication4\release\consoleapplication4.exe
c:\users\amatore\documents\visual studio 2013\projects\consoleapplication4\release\consoleapplication4.pdb
c:\users\amatore\documents\visual studio 2013\projects\consoleapplication4\consoleapplication4\release\consoleapplication4.res
c:\users\amatore\documents\visual studio 2013\projects\consoleapplication4\consoleapplication4\release\consolea.a2075802.tlog\cl.command.1.tlog
c:\users\amatore\documents\visual studio 2013\projects\consoleapplication4\consoleapplication4\release\consolea.a2075802.tlog\cl.read.1.tlog
c:\users\amatore\documents\visual studio 2013\projects\consoleapplication4\consoleapplication4\release\consolea.a2075802.tlog\cl.write.1.tlog
c:\users\amatore\documents\visual studio 2013\projects\consoleapplication4\consoleapplication4\release\consolea.a2075802.tlog\link.command.1.tlog
c:\users\amatore\documents\visual studio 2013\projects\consoleapplication4\consoleapplication4\release\consolea.a2075802.tlog\link.read.1.tlog
c:\users\amatore\documents\visual studio 2013\projects\consoleapplication4\consoleapplication4\release\consolea.a2075802.tlog\link.write.1.tlog
c:\users\amatore\documents\visual studio 2013\projects\consoleapplication4\consoleapplication4\release\consolea.a2075802.tlog\rc.command.1.tlog
c:\users\amatore\documents\visual studio 2013\projects\consoleapplication4\consoleapplication4\release\consolea.a2075802.tlog\rc.read.1.tlog
c:\users\amatore\documents\visual studio 2013\projects\consoleapplication4\consoleapplication4\release\consolea.a2075802.tlog\rc.write.1.tlog
