c:\users\amatore\documents\uoc_games\repositorio\opengl\bubble booble 2d\consoleapplication4\debug\vc120.pdb
c:\users\amatore\documents\uoc_games\repositorio\opengl\bubble booble 2d\consoleapplication4\debug\vc120.idb
c:\users\amatore\documents\uoc_games\repositorio\opengl\bubble booble 2d\consoleapplication4\debug\main.obj
c:\users\amatore\documents\uoc_games\repositorio\opengl\bubble booble 2d\debug\bubble bobble 2d.ilk
c:\users\amatore\documents\uoc_games\repositorio\opengl\bubble booble 2d\debug\bubble bobble 2d.exe
c:\users\amatore\documents\uoc_games\repositorio\opengl\bubble booble 2d\debug\bubble bobble 2d.pdb
c:\users\amatore\documents\uoc_games\repositorio\opengl\bubble booble 2d\consoleapplication4\debug\consoleapplication4.res
c:\users\amatore\documents\uoc_games\repositorio\opengl\bubble booble 2d\consoleapplication4\debug\cdata.obj
c:\users\amatore\documents\uoc_games\repositorio\opengl\bubble booble 2d\consoleapplication4\debug\cdisparo.obj
c:\users\amatore\documents\uoc_games\repositorio\opengl\bubble booble 2d\consoleapplication4\debug\cenemy.obj
c:\users\amatore\documents\uoc_games\repositorio\opengl\bubble booble 2d\consoleapplication4\debug\cgame.obj
c:\users\amatore\documents\uoc_games\repositorio\opengl\bubble booble 2d\consoleapplication4\debug\citem.obj
c:\users\amatore\documents\uoc_games\repositorio\opengl\bubble booble 2d\consoleapplication4\debug\consoleapplication4.obj
c:\users\amatore\documents\uoc_games\repositorio\opengl\bubble booble 2d\consoleapplication4\debug\cplayer.obj
c:\users\amatore\documents\uoc_games\repositorio\opengl\bubble booble 2d\consoleapplication4\debug\cscene.obj
c:\users\amatore\documents\uoc_games\repositorio\opengl\bubble booble 2d\consoleapplication4\debug\csprite.obj
c:\users\amatore\documents\uoc_games\repositorio\opengl\bubble booble 2d\consoleapplication4\debug\ctexture.obj
c:\users\amatore\documents\uoc_games\repositorio\opengl\bubble booble 2d\consoleapplication4\debug\stdafx.obj
c:\users\amatore\documents\uoc_games\repositorio\opengl\bubble booble 2d\consoleapplication4\debug\bubble bobble 2d.tlog\cl.command.1.tlog
c:\users\amatore\documents\uoc_games\repositorio\opengl\bubble booble 2d\consoleapplication4\debug\bubble bobble 2d.tlog\cl.read.1.tlog
c:\users\amatore\documents\uoc_games\repositorio\opengl\bubble booble 2d\consoleapplication4\debug\bubble bobble 2d.tlog\cl.write.1.tlog
c:\users\amatore\documents\uoc_games\repositorio\opengl\bubble booble 2d\consoleapplication4\debug\bubble bobble 2d.tlog\link.command.1.tlog
c:\users\amatore\documents\uoc_games\repositorio\opengl\bubble booble 2d\consoleapplication4\debug\bubble bobble 2d.tlog\link.read.1.tlog
c:\users\amatore\documents\uoc_games\repositorio\opengl\bubble booble 2d\consoleapplication4\debug\bubble bobble 2d.tlog\link.write.1.tlog
c:\users\amatore\documents\uoc_games\repositorio\opengl\bubble booble 2d\consoleapplication4\debug\bubble bobble 2d.tlog\rc.command.1.tlog
c:\users\amatore\documents\uoc_games\repositorio\opengl\bubble booble 2d\consoleapplication4\debug\bubble bobble 2d.tlog\rc.read.1.tlog
c:\users\amatore\documents\uoc_games\repositorio\opengl\bubble booble 2d\consoleapplication4\debug\bubble bobble 2d.tlog\rc.write.1.tlog
