Compilación iniciada a las 24/01/2015 10:35:04.
     1>Proyecto "C:\Users\amatore\documents\visual studio 2013\Projects\ConsoleApplication4\ConsoleApplication4\ConsoleApplication4.vcxproj" en el nodo 2 (Build destinos).
     1>ClCompile:
         C:\Program Files (x86)\Microsoft Visual Studio 12.0\VC\bin\CL.exe /c /ZI /nologo /W3 /WX- /sdl /Od /Oy- /D WIN32 /D _CRT_SECURE_NO_WARNINGS /D _DEBUG /D _CONSOLE /D _LIB /D _UNICODE /D UNICODE /Gm /EHsc /RTC1 /MDd /GS /fp:precise /Zc:wchar_t /Zc:forScope /Fo"Debug\\" /Fd"Debug\vc120.pdb" /Gd /TP /analyze- /errorReport:prompt cGame.cpp
         cGame.cpp
     1>c:\users\amatore\documents\visual studio 2013\projects\consoleapplication4\consoleapplication4\cgame.cpp(593): warning C4018: '<' : no coinciden signed/unsigned
     1>c:\users\amatore\documents\visual studio 2013\projects\consoleapplication4\consoleapplication4\cgame.cpp(607): warning C4018: '<' : no coinciden signed/unsigned
     1>c:\users\amatore\documents\visual studio 2013\projects\consoleapplication4\consoleapplication4\cgame.cpp(684): warning C4101: 'tex_h2' : variable local sin referencia
     1>c:\users\amatore\documents\visual studio 2013\projects\consoleapplication4\consoleapplication4\cgame.cpp(684): warning C4101: 'tex_w2' : variable local sin referencia
       Link:
         C:\Program Files (x86)\Microsoft Visual Studio 12.0\VC\bin\link.exe /ERRORREPORT:PROMPT /OUT:"C:\Users\amatore\documents\visual studio 2013\Projects\ConsoleApplication4\Debug\ConsoleApplication4.exe" /INCREMENTAL /NOLOGO opengl32.lib glu32.lib glut32.lib kernel32.lib user32.lib gdi32.lib winspool.lib comdlg32.lib advapi32.lib shell32.lib ole32.lib oleaut32.lib uuid.lib odbc32.lib odbccp32.lib /MANIFEST /MANIFESTUAC:"level='asInvoker' uiAccess='false'" /manifest:embed /DEBUG /PDB:"C:\Users\amatore\documents\visual studio 2013\Projects\ConsoleApplication4\Debug\ConsoleApplication4.pdb" /SUBSYSTEM:CONSOLE /TLBID:1 /DYNAMICBASE /NXCOMPAT /IMPLIB:"C:\Users\amatore\documents\visual studio 2013\Projects\ConsoleApplication4\Debug\ConsoleApplication4.lib" /MACHINE:X86 Debug\ConsoleApplication4.res
         Debug\cData.obj
         Debug\cDisparo.obj
         Debug\cEnemy.obj
         Debug\cGame.obj
         Debug\cItem.obj
         Debug\ConsoleApplication4.obj
         Debug\cPlayer.obj
         Debug\cScene.obj
         Debug\cSprite.obj
         Debug\cTexture.obj
         Debug\stdafx.obj
         ConsoleApplication4.vcxproj -> C:\Users\amatore\documents\visual studio 2013\Projects\ConsoleApplication4\Debug\ConsoleApplication4.exe
     1>Compilación del proyecto terminada "C:\Users\amatore\documents\visual studio 2013\Projects\ConsoleApplication4\ConsoleApplication4\ConsoleApplication4.vcxproj" (Build destinos).

Compilación correcta.

Tiempo transcurrido 00:00:04.58
