c:\users\amatore\documents\visual studio 2013\projects\consoleapplication4\consoleapplication4\debug\vc120.pdb
c:\users\amatore\documents\visual studio 2013\projects\consoleapplication4\consoleapplication4\debug\vc120.idb
c:\users\amatore\documents\visual studio 2013\projects\consoleapplication4\consoleapplication4\debug\cdata.obj
c:\users\amatore\documents\visual studio 2013\projects\consoleapplication4\consoleapplication4\debug\cdisparo.obj
c:\users\amatore\documents\visual studio 2013\projects\consoleapplication4\consoleapplication4\debug\cenemy.obj
c:\users\amatore\documents\visual studio 2013\projects\consoleapplication4\consoleapplication4\debug\cgame.obj
c:\users\amatore\documents\visual studio 2013\projects\consoleapplication4\consoleapplication4\debug\citem.obj
c:\users\amatore\documents\visual studio 2013\projects\consoleapplication4\consoleapplication4\debug\consoleapplication4.obj
c:\users\amatore\documents\visual studio 2013\projects\consoleapplication4\consoleapplication4\debug\cplayer.obj
c:\users\amatore\documents\visual studio 2013\projects\consoleapplication4\consoleapplication4\debug\cscene.obj
c:\users\amatore\documents\visual studio 2013\projects\consoleapplication4\consoleapplication4\debug\csprite.obj
c:\users\amatore\documents\visual studio 2013\projects\consoleapplication4\consoleapplication4\debug\ctexture.obj
c:\users\amatore\documents\visual studio 2013\projects\consoleapplication4\consoleapplication4\debug\stdafx.obj
c:\users\amatore\documents\visual studio 2013\projects\consoleapplication4\debug\consoleapplication4.ilk
c:\users\amatore\documents\visual studio 2013\projects\consoleapplication4\debug\consoleapplication4.exe
c:\users\amatore\documents\visual studio 2013\projects\consoleapplication4\debug\consoleapplication4.pdb
c:\users\amatore\documents\visual studio 2013\projects\consoleapplication4\consoleapplication4\debug\consoleapplication4.res
c:\users\amatore\documents\visual studio 2013\projects\consoleapplication4\consoleapplication4\debug\consolea.a2075802.tlog\cl.command.1.tlog
c:\users\amatore\documents\visual studio 2013\projects\consoleapplication4\consoleapplication4\debug\consolea.a2075802.tlog\cl.read.1.tlog
c:\users\amatore\documents\visual studio 2013\projects\consoleapplication4\consoleapplication4\debug\consolea.a2075802.tlog\cl.write.1.tlog
c:\users\amatore\documents\visual studio 2013\projects\consoleapplication4\consoleapplication4\debug\consolea.a2075802.tlog\link.command.1.tlog
c:\users\amatore\documents\visual studio 2013\projects\consoleapplication4\consoleapplication4\debug\consolea.a2075802.tlog\link.read.1.tlog
c:\users\amatore\documents\visual studio 2013\projects\consoleapplication4\consoleapplication4\debug\consolea.a2075802.tlog\link.write.1.tlog
c:\users\amatore\documents\visual studio 2013\projects\consoleapplication4\consoleapplication4\debug\consolea.a2075802.tlog\rc.command.1.tlog
c:\users\amatore\documents\visual studio 2013\projects\consoleapplication4\consoleapplication4\debug\consolea.a2075802.tlog\rc.read.1.tlog
c:\users\amatore\documents\visual studio 2013\projects\consoleapplication4\consoleapplication4\debug\consolea.a2075802.tlog\rc.write.1.tlog
